<?xml version="1.0" encoding="UTF-8"?>
<testng-results ignored="0" total="1" passed="1" failed="0" skipped="0">
  <reporter-output>
  </reporter-output>
  <suite started-at="2025-09-14T15:50:13 IST" name="Default suite" finished-at="2025-09-14T15:50:13 IST" duration-ms="250">
    <groups>
    </groups>
    <test started-at="2025-09-14T15:50:13 IST" name="Default test" finished-at="2025-09-14T15:50:13 IST" duration-ms="250">
      <class name="testNGUsage.PassvaluefromtestthroughParameterizedConstructor">
        <test-method is-config="true" signature="beforerun()[pri:0, instance:testNGUsage.PassvaluefromtestthroughParameterizedConstructor@51399530]" started-at="2025-09-14T15:50:13 IST" name="beforerun" finished-at="2025-09-14T15:50:13 IST" duration-ms="29" status="PASS">
          <reporter-output>
          </reporter-output>
        </test-method> <!-- beforerun -->
        <test-method signature="testrun()[pri:0, instance:testNGUsage.PassvaluefromtestthroughParameterizedConstructor@51399530]" started-at="2025-09-14T15:50:13 IST" name="testrun" finished-at="2025-09-14T15:50:13 IST" duration-ms="37" status="PASS">
          <reporter-output>
          </reporter-output>
        </test-method> <!-- testrun -->
      </class> <!-- testNGUsage.PassvaluefromtestthroughParameterizedConstructor -->
    </test> <!-- Default test -->
  </suite> <!-- Default suite -->
</testng-results>
