<?xml version="1.0" encoding="UTF-8"?>
<!-- Generated by org.testng.reporters.JUnitXMLReporter -->
<testsuite ignored="3" hostname="INLEN8520051755" failures="0" tests="1" name="Home loan" time="0.016" errors="0" timestamp="2025-09-13T15:13:10 IST">
  <testcase classname="testNG.testdemo2" name="Mobileloginpagerename" time="0.007"/>
  <testcase classname="testNG.testdemo2" name="homeloanpage" time="0.0">
    <ignored/>
  </testcase> <!-- homeloanpage -->
  <testcase classname="testNG.testdemo2" name="enabledtestcase" time="0.0">
    <ignored/>
  </testcase> <!-- enabledtestcase -->
  <testcase classname="testNG.testdemo2" name="Mobileloginpage" time="0.0">
    <ignored/>
  </testcase> <!-- Mobileloginpage -->
</testsuite> <!-- Home loan -->
