<?xml version="1.0" encoding="UTF-8"?>
<!-- Generated by org.testng.reporters.JUnitXMLReporter -->
<testsuite ignored="0" hostname="INLEN8520051755" failures="1" tests="6" name="Personal loan" time="0.185" errors="0" timestamp="2025-09-13T15:13:10 IST">
  <testcase classname="testNG.TestcaseSample" name="Testprint" time="0.031">
    <failure type="java.lang.AssertionError" message="expected [true] but found [false]">
      <![CDATA[java.lang.AssertionError: expected [true] but found [false]
at testNG.TestcaseSample.Testprint(TestcaseSample.java:30)
at java.base/java.util.concurrent.FutureTask.run(FutureTask.java:317)
at java.base/java.util.concurrent.ThreadPoolExecutor.runWorker(ThreadPoolExecutor.java:1144)
at java.base/java.util.concurrent.ThreadPoolExecutor$Worker.run(ThreadPoolExecutor.java:642)
at java.base/java.lang.Thread.run(Thread.java:1575)
... Removed 10 stack frames]]>
    </failure>
  </testcase> <!-- Testprint -->
  <testcase classname="testNG.TestcaseSample" name="Testcase" time="0.0">
    <skipped/>
  </testcase> <!-- Testcase -->
  <testcase classname="testNG.testdemo" name="Testcase" time="0.003"/>
  <testcase classname="testNG.testdemo" name="Testprint" time="0.003"/>
  <testcase classname="testNG.testdemo3" name="Testcase" time="0.003"/>
  <testcase classname="testNG.testdemo3" name="Testprint" time="0.003"/>
</testsuite> <!-- Personal loan -->
