<?xml version="1.0" encoding="UTF-8"?>
<!-- Generated by org.testng.reporters.JUnitXMLReporter -->
<testsuite ignored="0" hostname="INLEN8520051755" failures="2" tests="3" name="ErrorValidation" time="24.598" errors="0" timestamp="2026-01-08T21:42:17 IST">
  <testcase classname="seleniumproject.tests.ErrorValidation" name="loginErrorValidation" time="0.993">
    <skipped/>
  </testcase> <!-- loginErrorValidation -->
  <testcase classname="seleniumproject.tests.ErrorValidation" name="loginErrorValidation" time="1.151">
    <failure type="java.lang.AssertionError" message="expected [Incorrect email or password.] but found [Incorrect email password.]">
      <![CDATA[java.lang.AssertionError: expected [Incorrect email or password.] but found [Incorrect email password.]
at seleniumproject.tests.ErrorValidation.loginErrorValidation(ErrorValidation.java:24)
at java.base/java.util.ArrayList.forEach(ArrayList.java:1541)
at java.base/java.util.concurrent.FutureTask.run(FutureTask.java:264)
at java.base/java.util.concurrent.ThreadPoolExecutor.runWorker(ThreadPoolExecutor.java:1128)
at java.base/java.util.concurrent.ThreadPoolExecutor$Worker.run(ThreadPoolExecutor.java:628)
at java.base/java.lang.Thread.run(Thread.java:829)
... Removed 23 stack frames]]>
    </failure>
  </testcase> <!-- loginErrorValidation -->
  <testcase classname="seleniumproject.tests.ErrorValidation" name="productErrorValidation" time="1.084">
    <failure type="java.lang.NullPointerException">
      <![CDATA[java.lang.NullPointerException
at seleniumproject.pageojects.productcatalogue.addproductToCart(productcatalogue.java:51)
at seleniumproject.tests.ErrorValidation.productErrorValidation(ErrorValidation.java:39)
at java.base/java.util.ArrayList.forEach(ArrayList.java:1541)
at java.base/java.util.concurrent.FutureTask.run(FutureTask.java:264)
at java.base/java.util.concurrent.ThreadPoolExecutor.runWorker(ThreadPoolExecutor.java:1128)
at java.base/java.util.concurrent.ThreadPoolExecutor$Worker.run(ThreadPoolExecutor.java:628)
at java.base/java.lang.Thread.run(Thread.java:829)
... Removed 17 stack frames]]>
    </failure>
  </testcase> <!-- productErrorValidation -->
</testsuite> <!-- ErrorValidation -->
