<?xml version="1.0" encoding="UTF-8"?>
<!-- Generated by org.testng.reporters.JUnitXMLReporter -->
<testsuite ignored="1" hostname="INLEN8520051755" failures="1" tests="2" name="ErrorValidation" time="12.735" errors="0" timestamp="2026-01-07T16:07:34 IST">
  <testcase classname="seleniumproject.tests.ErrorValidation" name="loginErrorValidation" time="0.862">
    <skipped/>
  </testcase> <!-- loginErrorValidation -->
  <testcase classname="seleniumproject.tests.ErrorValidation" name="loginErrorValidation" time="0.915">
    <failure type="java.lang.AssertionError" message="expected [Incorrect email or password.] but found [Incorrect email password.]">
      <![CDATA[java.lang.AssertionError: expected [Incorrect email or password.] but found [Incorrect email password.]
at seleniumproject.tests.ErrorValidation.loginErrorValidation(ErrorValidation.java:24)
at java.base/java.util.ArrayList.forEach(ArrayList.java:1541)
... Removed 33 stack frames]]>
    </failure>
  </testcase> <!-- loginErrorValidation -->
  <testcase classname="seleniumproject.tests.ErrorValidation" name="productErrorValidation" time="0.0">
    <ignored/>
  </testcase> <!-- productErrorValidation -->
</testsuite> <!-- ErrorValidation -->
