<?xml version="1.0" encoding="UTF-8"?>
<!-- Generated by org.testng.reporters.JUnitReportReporter -->
<testsuite hostname="INLEN8520051755" failures="0" tests="1" name="testNGUsage.PassvaluefromtestthroughParameterizedConstructor" time="0.066" errors="0" timestamp="2025-09-14T15:50:14 IST" skipped="0">
  <testcase classname="testNGUsage.PassvaluefromtestthroughParameterizedConstructor" name="testrun" time="0.066"/>
</testsuite> <!-- testNGUsage.PassvaluefromtestthroughParameterizedConstructor -->
