<?xml version="1.0" encoding="UTF-8"?>
<!-- Generated by org.testng.reporters.JUnitReportReporter -->
<testsuite hostname="INLEN8520051755" failures="0" tests="2" name="testNG.testdemo2" time="0.007" errors="0" timestamp="2025-09-13T15:13:11 IST" skipped="1">
  <testcase classname="testNG.testdemo2" name="Mobileloginpagerename" time="0.007"/>
  <testcase classname="testNG.testdemo2" name="enabledtestcase">
    <skipped/>
  </testcase> <!-- enabledtestcase -->
</testsuite> <!-- testNG.testdemo2 -->
