<?xml version="1.0" encoding="UTF-8"?>
<!-- Generated by org.testng.reporters.JUnitReportReporter -->
<testsuite hostname="INLEN8520051755" failures="0" tests="3" name="testNG.dataprovideranotation" time="0.013" errors="0" timestamp="2025-09-13T13:29:06 IST" skipped="0">
  <testcase classname="testNG.dataprovideranotation" name="mobilesignoutCarloan" time="0.011"/>
  <testcase classname="testNG.dataprovideranotation" name="mobilesignoutCarloan" time="0.001"/>
  <testcase classname="testNG.dataprovideranotation" name="mobilesignoutCarloan" time="0.001"/>
</testsuite> <!-- testNG.dataprovideranotation -->
