<?xml version="1.0" encoding="UTF-8"?>
<!-- Generated by org.testng.reporters.JUnitXMLReporter -->
<testsuite ignored="0" hostname="INLEN8520051755" failures="0" tests="4" name="Test" time="0.144" errors="0" timestamp="2025-08-05T23:39:50 IST">
  <testcase classname="testNG.TestcaseSample" name="Testcase" time="0.024"/>
  <testcase classname="testNG.TestcaseSample" name="Testprint" time="0.006"/>
  <testcase classname="testNG.testdemo" name="Testcase" time="0.007"/>
  <testcase classname="testNG.testdemo" name="Testprint" time="0.005"/>
</testsuite> <!-- Test -->
